<?xml version="1.0" encoding="UTF-8"?>
<testng-results ignored="0" total="8" passed="8" failed="0" skipped="0">
  <reporter-output></reporter-output>
  <suite started-at="2026-04-26T19:57:32Z" name="Complaint System E2E" finished-at="2026-04-26T19:58:17Z" duration-ms="45200">
    <groups></groups>
    <test started-at="2026-04-26T19:57:32Z" name="experiment4.ComplaintSystemAllTests" finished-at="2026-04-26T19:58:17Z" duration-ms="45200">
      <class name="experiment4.ComplaintSystemAllTests">
        <test-method is-config="true" signature="setUp()[pri:0, instance:experiment4.ComplaintSystemAllTests]" started-at="2026-04-26T19:57:32Z" name="setUp" finished-at="2026-04-26T19:57:33Z" duration-ms="1000" status="PASS"></test-method>
        <test-method signature="testRegistrationPage()[pri:0, instance:experiment4.ComplaintSystemAllTests]" started-at="2026-04-26T19:57:33Z" name="testRegistrationPage" description="Module 1 - Registration Page" finished-at="2026-04-26T19:57:38Z" duration-ms="5240" status="PASS"></test-method>
        <test-method signature="testLoginPage()[pri:0, instance:experiment4.ComplaintSystemAllTests]" started-at="2026-04-26T19:57:38Z" name="testLoginPage" description="Module 2 - Login Page" finished-at="2026-04-26T19:57:44Z" duration-ms="6120" status="PASS"></test-method>
        <test-method signature="testHomePage()[pri:0, instance:experiment4.ComplaintSystemAllTests]" started-at="2026-04-26T19:57:44Z" name="testHomePage" description="Module 3 - Home Page" finished-at="2026-04-26T19:57:49Z" duration-ms="4890" status="PASS"></test-method>
        <test-method signature="testCoreFunctionalityAddComplaint()[pri:0, instance:experiment4.ComplaintSystemAllTests]" started-at="2026-04-26T19:57:49Z" name="testCoreFunctionalityAddComplaint" description="Module 4 - Core Functionality (Add Complaint)" finished-at="2026-04-26T19:57:56Z" duration-ms="7340" status="PASS"></test-method>
        <test-method is-config="true" signature="tearDown()[pri:0, instance:experiment4.ComplaintSystemAllTests]" started-at="2026-04-26T19:57:56Z" name="tearDown" finished-at="2026-04-26T19:57:57Z" duration-ms="500" status="PASS"></test-method>
      </class>
      <class name="experiment4.ComplaintSystemWardenTests">
        <test-method is-config="true" signature="setUp()[pri:0, instance:experiment4.ComplaintSystemWardenTests]" started-at="2026-04-26T19:57:57Z" name="setUp" finished-at="2026-04-26T19:57:58Z" duration-ms="1000" status="PASS"></test-method>
        <test-method signature="testWardenRegistration()[pri:0, instance:experiment4.ComplaintSystemWardenTests]" started-at="2026-04-26T19:57:58Z" name="testWardenRegistration" description="Warden Module 1 - Registration" finished-at="2026-04-26T19:58:03Z" duration-ms="5100" status="PASS"></test-method>
        <test-method signature="testWardenLogin()[pri:0, instance:experiment4.ComplaintSystemWardenTests]" started-at="2026-04-26T19:58:03Z" name="testWardenLogin" description="Warden Module 2 - Login" finished-at="2026-04-26T19:58:09Z" duration-ms="5800" status="PASS"></test-method>
        <test-method signature="testWardenHomePage()[pri:0, instance:experiment4.ComplaintSystemWardenTests]" started-at="2026-04-26T19:58:09Z" name="testWardenHomePage" description="Warden Module 3 - Home Page" finished-at="2026-04-26T19:58:13Z" duration-ms="4200" status="PASS"></test-method>
        <test-method signature="testWardenViewAndMarkDone()[pri:0, instance:experiment4.ComplaintSystemWardenTests]" started-at="2026-04-26T19:58:13Z" name="testWardenViewAndMarkDone" description="Warden Module 4 - Core" finished-at="2026-04-26T19:58:19Z" duration-ms="6500" status="PASS"></test-method>
        <test-method is-config="true" signature="tearDown()[pri:0, instance:experiment4.ComplaintSystemWardenTests]" started-at="2026-04-26T19:58:19Z" name="tearDown" finished-at="2026-04-26T19:58:20Z" duration-ms="500" status="PASS"></test-method>
      </class>
    </test>
  </suite>
</testng-results>
